0 info it worked if it ends with ok
1 verbose cli [ 'node', '/usr/local/bin/npm', '-g', 'install', 'dv' ]
2 info using npm@2.5.1
3 info using node@v0.12.0
4 silly cache add args [ 'dv', null ]
5 verbose cache add spec dv
6 silly cache add parsed spec { raw: 'dv',
6 silly cache add   scope: null,
6 silly cache add   name: 'dv',
6 silly cache add   rawSpec: '',
6 silly cache add   spec: '*',
6 silly cache add   type: 'range' }
7 verbose addNamed dv@*
8 silly addNamed semver.valid null
9 silly addNamed semver.validRange *
10 silly addNameRange { name: 'dv', range: '*', hasData: false }
11 silly mapToRegistry name dv
12 silly mapToRegistry using default registry
13 silly mapToRegistry registry https://registry.npmjs.org/
14 silly mapToRegistry uri https://registry.npmjs.org/dv
15 verbose addNameRange registry:https://registry.npmjs.org/dv not in flight; fetching
16 verbose request uri https://registry.npmjs.org/dv
17 verbose request no auth needed
18 info attempt registry request try #1 at 3:14:04 PM
19 verbose request id 9f16a34a2e541a6b
20 http request GET https://registry.npmjs.org/dv
21 info retry will retry, error on last attempt: Error: tunneling socket could not be established, cause=connect ECONNREFUSED
22 info attempt registry request try #2 at 3:14:14 PM
23 http request GET https://registry.npmjs.org/dv
24 info retry will retry, error on last attempt: Error: tunneling socket could not be established, cause=connect ECONNREFUSED
25 info attempt registry request try #3 at 3:15:14 PM
26 http request GET https://registry.npmjs.org/dv
27 verbose stack Error: tunneling socket could not be established, cause=connect ECONNREFUSED
27 verbose stack     at ClientRequest.onError (/usr/local/lib/node_modules/npm/node_modules/request/node_modules/tunnel-agent/index.js:168:17)
27 verbose stack     at ClientRequest.g (events.js:199:16)
27 verbose stack     at ClientRequest.emit (events.js:107:17)
27 verbose stack     at Socket.socketErrorListener (_http_client.js:272:9)
27 verbose stack     at Socket.emit (events.js:107:17)
27 verbose stack     at net.js:451:14
27 verbose stack     at process._tickCallback (node.js:355:11)
28 verbose cwd /Users/linto/MeteorJS/Patentability
29 error Darwin 15.2.0
30 error argv "node" "/usr/local/bin/npm" "-g" "install" "dv"
31 error node v0.12.0
32 error npm  v2.5.1
33 error code ECONNRESET
34 error network tunneling socket could not be established, cause=connect ECONNREFUSED
34 error network This is most likely not a problem with npm itself
34 error network and is related to network connectivity.
34 error network In most cases you are behind a proxy or have bad network settings.
34 error network
34 error network If you are behind a proxy, please make sure that the
34 error network 'proxy' config is set properly.  See: 'npm help config'
35 verbose exit [ 1, true ]
